TN:
SF:/mnt/c/Users/r/Projects/mulib/mu_core/src/mu_array.c
FN:57,mu_array_init
FN:63,mu_array_reset
FN:68,mu_array_capacity
FN:70,mu_array_count
FN:72,mu_array_is_empty
FN:74,mu_array_is_full
FN:78,mu_array_push
FN:87,mu_array_pop
FN:96,mu_array_peek
FN:105,mu_array_ref
FN:114,mu_array_insert
FN:134,mu_array_delete
FN:153,mu_array_index
FN:162,mu_array_rindex
FN:171,mu_array_sort
FN:189,mu_array_insert_sorted
FN:204,find_insertion_index
FN:219,heapify
FN:228,sift_down
FN:248,swap
FNDA:22,mu_array_init
FNDA:24,mu_array_reset
FNDA:1,mu_array_capacity
FNDA:21,mu_array_count
FNDA:25,mu_array_is_empty
FNDA:72,mu_array_is_full
FNDA:54,mu_array_push
FNDA:7,mu_array_pop
FNDA:4,mu_array_peek
FNDA:4,mu_array_ref
FNDA:10,mu_array_insert
FNDA:6,mu_array_delete
FNDA:4,mu_array_index
FNDA:4,mu_array_rindex
FNDA:3,mu_array_sort
FNDA:5,mu_array_insert_sorted
FNDA:4,find_insertion_index
FNDA:2,heapify
FNDA:6,sift_down
FNDA:6,swap
FNF:20
FNH:20
DA:57,22
DA:58,22
DA:59,22
DA:60,22
DA:63,24
DA:64,24
DA:65,24
DA:68,1
DA:70,21
DA:72,25
DA:74,72
DA:75,72
DA:78,54
DA:79,54
DA:80,53
DA:81,53
DA:83,1
DA:87,7
DA:88,7
DA:89,6
DA:90,6
DA:92,1
DA:96,4
DA:97,4
DA:98,3
DA:99,3
DA:101,1
DA:105,4
DA:106,4
DA:107,2
DA:108,2
DA:110,2
DA:114,10
DA:115,10
DA:116,4
DA:117,6
DA:119,3
DA:120,3
DA:123,3
DA:124,3
DA:125,3
DA:126,3
DA:128,3
DA:129,3
DA:130,3
DA:134,6
DA:135,6
DA:136,3
DA:139,3
DA:141,1
DA:143,2
DA:145,2
DA:146,2
DA:147,2
DA:148,2
DA:150,3
DA:153,4
DA:154,12
DA:155,11
DA:156,3
DA:159,1
DA:162,4
DA:163,12
DA:164,11
DA:165,3
DA:168,1
DA:171,3
DA:172,3
DA:173,3
DA:175,3
DA:176,2
DA:178,2
DA:180,8
DA:181,4
DA:182,4
DA:183,4
DA:186,3
DA:189,5
DA:191,5
DA:192,1
DA:194,4
DA:195,4
DA:204,4
DA:206,4
DA:207,4
DA:208,14
DA:209,6
DA:210,6
DA:211,2
DA:213,4
DA:216,4
DA:219,2
DA:220,2
DA:222,6
DA:223,2
DA:224,2
DA:226,2
DA:228,6
DA:230,6
DA:231,14
DA:233,4
DA:234,4
DA:236,2
DA:238,4
DA:240,2
DA:241,2
DA:243,2
DA:248,6
DA:249,6
DA:250,6
DA:251,6
DA:252,6
LF:112
LH:112
end_of_record
TN:
SF:/mnt/c/Users/r/Projects/mulib/mu_core/src/mu_queue.c
FN:56,mu_queue_init
FN:63,mu_queue_reset
FN:69,mu_queue_capacity
FN:71,mu_queue_count
FN:73,mu_queue_is_empty
FN:75,mu_queue_is_full
FN:79,mu_queue_put
FN:90,mu_queue_get
FN:94,mu_queue_peek
FN:101,access_queue
FNDA:6,mu_queue_init
FNDA:7,mu_queue_reset
FNDA:1,mu_queue_capacity
FNDA:7,mu_queue_count
FNDA:24,mu_queue_is_empty
FNDA:27,mu_queue_is_full
FNDA:17,mu_queue_put
FNDA:10,mu_queue_get
FNDA:4,mu_queue_peek
FNDA:14,access_queue
FNF:10
FNH:10
DA:56,6
DA:58,6
DA:59,6
DA:60,6
DA:63,7
DA:64,7
DA:65,7
DA:66,7
DA:69,1
DA:71,7
DA:73,24
DA:75,27
DA:76,27
DA:79,17
DA:80,17
DA:81,16
DA:82,16
DA:83,16
DA:84,16
DA:86,1
DA:90,10
DA:91,10
DA:94,4
DA:95,4
DA:101,14
DA:102,14
DA:104,12
DA:105,12
DA:106,2
DA:108,12
DA:109,12
DA:110,9
DA:112,12
DA:114,2
DA:115,2
LF:35
LH:35
end_of_record
TN:
SF:/mnt/c/Users/r/Projects/mulib/mu_core/src/mu_spsc.c
FN:46,mu_spsc_init
FN:56,mu_spsc_reset
FN:62,mu_spsc_capacity
FN:67,mu_spsc_put
FN:84,mu_spsc_get
FNDA:5,mu_spsc_init
FNDA:4,mu_spsc_reset
FNDA:1,mu_spsc_capacity
FNDA:12,mu_spsc_put
FNDA:10,mu_spsc_get
FNF:5
FNH:5
DA:46,5
DA:48,5
DA:49,1
DA:51,4
DA:52,4
DA:53,4
DA:56,4
DA:57,4
DA:58,4
DA:59,4
DA:62,1
DA:67,12
DA:68,12
DA:69,12
DA:71,12
DA:72,1
DA:74,11
DA:75,11
DA:78,12
DA:84,10
DA:85,10
DA:87,10
DA:88,2
DA:89,2
DA:91,8
DA:92,8
DA:95,10
LF:27
LH:27
end_of_record
TN:
SF:/mnt/c/Users/r/Projects/mulib/mu_core/test/test_mu_array.c
FN:9,setUp
FN:13,tearDown
FN:22,int_compare
FN:31,test_mu_array_init
FN:39,test_mu_array_push
FN:71,test_mu_array_pop
FN:106,test_mu_array_peek
FN:138,test_mu_array_ref
FN:160,test_mu_array_insert
FN:226,test_mu_array_delete
FN:287,test_mu_array_index
FN:310,test_mu_array_rindex
FN:333,test_mu_array_sort
FN:363,test_mu_array_insert_sorted
FN:403,main
FNDA:11,setUp
FNDA:11,tearDown
FNDA:12,int_compare
FNDA:1,test_mu_array_init
FNDA:1,test_mu_array_push
FNDA:1,test_mu_array_pop
FNDA:1,test_mu_array_peek
FNDA:1,test_mu_array_ref
FNDA:1,test_mu_array_insert
FNDA:1,test_mu_array_delete
FNDA:1,test_mu_array_index
FNDA:1,test_mu_array_rindex
FNDA:1,test_mu_array_sort
FNDA:1,test_mu_array_insert_sorted
FNDA:1,main
FNF:15
FNH:15
DA:9,11
DA:11,11
DA:13,11
DA:15,11
DA:22,12
DA:23,12
DA:24,12
DA:26,12
DA:27,4
DA:28,0
DA:31,1
DA:34,1
DA:35,1
DA:37,1
DA:39,1
DA:42,1
DA:43,1
DA:44,1
DA:45,1
DA:47,1
DA:48,1
DA:49,1
DA:50,1
DA:52,1
DA:53,1
DA:54,1
DA:55,1
DA:57,1
DA:58,1
DA:59,1
DA:60,1
DA:62,1
DA:63,1
DA:64,1
DA:65,1
DA:67,1
DA:68,1
DA:69,1
DA:71,1
DA:74,1
DA:75,1
DA:76,1
DA:79,1
DA:80,1
DA:81,1
DA:82,1
DA:85,1
DA:86,1
DA:88,1
DA:89,1
DA:90,1
DA:91,1
DA:93,1
DA:94,1
DA:95,1
DA:96,1
DA:98,1
DA:99,1
DA:100,1
DA:101,1
DA:103,1
DA:104,1
DA:106,1
DA:109,1
DA:110,1
DA:111,1
DA:114,1
DA:115,1
DA:116,1
DA:117,1
DA:120,1
DA:121,1
DA:122,1
DA:123,1
DA:125,1
DA:126,1
DA:127,1
DA:128,1
DA:130,1
DA:131,1
DA:132,1
DA:133,1
DA:135,1
DA:136,1
DA:138,1
DA:141,1
DA:142,1
DA:145,1
DA:146,1
DA:147,1
DA:149,1
DA:150,1
DA:152,1
DA:153,1
DA:155,1
DA:157,1
DA:158,1
DA:160,1
DA:163,1
DA:164,1
DA:165,1
DA:166,1
DA:169,1
DA:170,1
DA:171,1
DA:172,1
DA:173,1
DA:176,1
DA:177,1
DA:178,1
DA:179,1
DA:180,1
DA:181,1
DA:182,1
DA:185,1
DA:186,1
DA:187,1
DA:188,1
DA:189,1
DA:190,1
DA:191,1
DA:192,1
DA:193,1
DA:196,1
DA:197,1
DA:198,1
DA:199,1
DA:200,1
DA:201,1
DA:202,1
DA:203,1
DA:204,1
DA:205,1
DA:208,1
DA:209,1
DA:210,1
DA:211,1
DA:212,1
DA:213,1
DA:214,1
DA:215,1
DA:216,1
DA:217,1
DA:220,1
DA:221,1
DA:222,1
DA:223,1
DA:224,1
DA:226,1
DA:229,1
DA:230,1
DA:231,1
DA:235,1
DA:236,1
DA:237,1
DA:238,1
DA:239,1
DA:240,1
DA:241,1
DA:242,1
DA:245,1
DA:246,1
DA:247,1
DA:248,1
DA:249,1
DA:250,1
DA:251,1
DA:252,1
DA:255,1
DA:256,1
DA:257,1
DA:258,1
DA:259,1
DA:260,1
DA:261,1
DA:262,1
DA:265,1
DA:266,1
DA:267,1
DA:268,1
DA:269,1
DA:270,1
DA:271,1
DA:272,1
DA:275,1
DA:276,1
DA:277,1
DA:278,1
DA:279,1
DA:280,1
DA:283,1
DA:284,1
DA:285,1
DA:287,1
DA:290,1
DA:291,1
DA:292,1
DA:293,1
DA:295,1
DA:296,1
DA:298,1
DA:299,1
DA:300,1
DA:301,1
DA:302,1
DA:304,1
DA:305,1
DA:306,1
DA:307,1
DA:308,1
DA:310,1
DA:313,1
DA:314,1
DA:315,1
DA:316,1
DA:318,1
DA:319,1
DA:321,1
DA:322,1
DA:323,1
DA:324,1
DA:325,1
DA:327,1
DA:328,1
DA:329,1
DA:330,1
DA:331,1
DA:333,1
DA:338,1
DA:339,1
DA:340,1
DA:343,1
DA:344,1
DA:345,1
DA:346,1
DA:347,1
DA:348,1
DA:349,1
DA:350,1
DA:353,1
DA:354,1
DA:355,1
DA:356,1
DA:357,1
DA:358,1
DA:359,1
DA:360,1
DA:361,1
DA:363,1
DA:367,1
DA:368,1
DA:371,1
DA:372,1
DA:373,1
DA:376,1
DA:377,1
DA:378,1
DA:379,1
DA:382,1
DA:383,1
DA:384,1
DA:385,1
DA:386,1
DA:389,1
DA:392,1
DA:393,1
DA:394,1
DA:395,1
DA:396,1
DA:397,1
DA:398,1
DA:399,1
DA:400,1
DA:401,1
DA:403,1
DA:404,1
DA:405,1
DA:406,1
DA:407,1
DA:408,1
DA:409,1
DA:410,1
DA:411,1
DA:412,1
DA:413,1
DA:414,1
DA:415,1
DA:416,1
LF:288
LH:287
end_of_record
TN:
SF:/mnt/c/Users/r/Projects/mulib/mu_core/test/test_mu_queue.c
FN:9,setUp
FN:13,tearDown
FN:17,test_queue_init
FN:25,test_queue_put
FN:57,test_queue_get
FN:92,test_queue_peek
FN:120,test_queue_wraparaound
FN:156,test_queue_reset
FN:180,main
FNDA:6,setUp
FNDA:6,tearDown
FNDA:1,test_queue_init
FNDA:1,test_queue_put
FNDA:1,test_queue_get
FNDA:1,test_queue_peek
FNDA:1,test_queue_wraparaound
FNDA:1,test_queue_reset
FNDA:1,main
FNF:9
FNH:9
DA:9,6
DA:11,6
DA:13,6
DA:15,6
DA:17,1
DA:21,1
DA:22,1
DA:23,1
DA:25,1
DA:28,1
DA:29,1
DA:30,1
DA:31,1
DA:33,1
DA:34,1
DA:35,1
DA:36,1
DA:38,1
DA:39,1
DA:40,1
DA:41,1
DA:43,1
DA:44,1
DA:45,1
DA:46,1
DA:48,1
DA:49,1
DA:50,1
DA:51,1
DA:53,1
DA:54,1
DA:55,1
DA:57,1
DA:60,1
DA:61,1
DA:62,1
DA:65,1
DA:66,1
DA:67,1
DA:68,1
DA:71,1
DA:72,1
DA:74,1
DA:75,1
DA:76,1
DA:77,1
DA:79,1
DA:80,1
DA:81,1
DA:82,1
DA:84,1
DA:85,1
DA:86,1
DA:87,1
DA:89,1
DA:90,1
DA:92,1
DA:95,1
DA:96,1
DA:97,1
DA:100,1
DA:101,1
DA:102,1
DA:103,1
DA:105,1
DA:106,1
DA:107,1
DA:109,1
DA:110,1
DA:111,1
DA:113,1
DA:114,1
DA:115,1
DA:117,1
DA:118,1
DA:120,1
DA:123,1
DA:124,1
DA:125,1
DA:126,1
DA:130,1
DA:131,1
DA:132,1
DA:133,1
DA:136,1
DA:137,1
DA:138,1
DA:139,1
DA:140,1
DA:142,1
DA:143,1
DA:144,1
DA:145,1
DA:146,1
DA:148,1
DA:149,1
DA:150,1
DA:151,1
DA:152,1
DA:153,1
DA:156,1
DA:159,1
DA:160,1
DA:161,1
DA:163,1
DA:164,1
DA:165,1
DA:166,1
DA:168,1
DA:169,1
DA:170,1
DA:172,1
DA:174,1
DA:175,1
DA:176,1
DA:177,1
DA:180,1
DA:181,1
DA:183,1
DA:184,1
DA:185,1
DA:186,1
DA:187,1
DA:188,1
DA:190,1
LF:125
LH:125
end_of_record
TN:
SF:/mnt/c/Users/r/Projects/mulib/mu_core/test/test_mu_spsc.c
FN:7,setUp
FN:11,tearDown
FN:15,test_spsc_init
FN:26,test_spsc_put
FN:41,test_spsc_get
FN:64,test_spsc_ordering
FN:94,main
FNDA:4,setUp
FNDA:4,tearDown
FNDA:1,test_spsc_init
FNDA:1,test_spsc_put
FNDA:1,test_spsc_get
FNDA:1,test_spsc_ordering
FNDA:1,main
FNF:7
FNH:7
DA:7,4
DA:9,4
DA:11,4
DA:13,4
DA:15,1
DA:19,1
DA:20,1
DA:23,1
DA:24,1
DA:26,1
DA:29,1
DA:30,1
DA:31,1
DA:32,1
DA:34,1
DA:35,1
DA:36,1
DA:37,1
DA:38,1
DA:39,1
DA:41,1
DA:44,1
DA:45,1
DA:46,1
DA:49,1
DA:50,1
DA:51,1
DA:52,1
DA:54,1
DA:55,1
DA:56,1
DA:57,1
DA:58,1
DA:59,1
DA:60,1
DA:61,1
DA:62,1
DA:64,1
DA:68,1
DA:69,1
DA:70,1
DA:71,1
DA:72,1
DA:75,1
DA:76,1
DA:77,1
DA:78,1
DA:79,1
DA:80,1
DA:81,1
DA:82,1
DA:83,1
DA:84,1
DA:85,1
DA:86,1
DA:87,1
DA:88,1
DA:89,1
DA:90,1
DA:91,1
DA:92,1
DA:94,1
DA:95,1
DA:97,1
DA:98,1
DA:99,1
DA:100,1
DA:102,1
LF:68
LH:68
end_of_record
TN:
SF:/mnt/c/Users/r/Projects/mulib/test_support/unity.c
FN:77,UnityPrintChar
FN:127,UnityPrint
FN:149,UnityPrintLen
FN:187,UnityPrintNumberByStyle
FN:238,UnityPrintNumber
FN:253,UnityPrintNumberUnsigned
FN:272,UnityPrintNumberHex
FN:298,UnityPrintMask
FN:333,UnityPrintFloat
FN:494,UnityTestResultsBegin
FN:537,UnityTestResultsFailBegin
FN:545,UnityConcludeTest
FN:569,UnityAddMsgIfSpecified
FN:596,UnityPrintExpectedAndActualStrings
FN:623,UnityPrintExpectedAndActualStringsLen
FN:656,UnityIsOneArrayNull
FN:690,UnityAssertBits
FN:711,UnityAssertEqualNumber
FN:732,UnityAssertGreaterOrLessOrEqualNumber
FN:780,UnityAssertEqualIntArray
FN:925,UnityFloatsWithin
FN:932,UnityAssertWithinFloatArray
FN:1012,UnityAssertFloatsWithin
FN:1031,UnityAssertFloatsNotWithin
FN:1052,UnityAssertGreaterOrLessFloat
FN:1085,UnityAssertFloatSpecial
FN:1379,UnityAssertNumbersWithin
FN:1426,UnityAssertNumbersArrayWithin
FN:1590,UnityAssertEqualString
FN:1629,UnityAssertEqualStringLen
FN:1669,UnityAssertEqualStringArray
FN:1752,UnityAssertEqualMemory
FN:1841,UnityNumToPtr
FN:1867,UnityFloatToPtr
FN:2130,UnityFail
FN:2167,UnityIgnore
FN:2183,UnityMessage
FN:2199,UnityDefaultTestRun
FN:2221,UnitySetTestFile
FN:2227,UnityBegin
FN:2243,UnityEnd
FNDA:1082,UnityPrintChar
FNDA:78,UnityPrint
FNDA:0,UnityPrintLen
FNDA:0,UnityPrintNumberByStyle
FNDA:30,UnityPrintNumber
FNDA:30,UnityPrintNumberUnsigned
FNDA:0,UnityPrintNumberHex
FNDA:0,UnityPrintMask
FNDA:0,UnityPrintFloat
FNDA:21,UnityTestResultsBegin
FNDA:0,UnityTestResultsFailBegin
FNDA:21,UnityConcludeTest
FNDA:0,UnityAddMsgIfSpecified
FNDA:0,UnityPrintExpectedAndActualStrings
FNDA:0,UnityPrintExpectedAndActualStringsLen
FNDA:0,UnityIsOneArrayNull
FNDA:0,UnityAssertBits
FNDA:142,UnityAssertEqualNumber
FNDA:0,UnityAssertGreaterOrLessOrEqualNumber
FNDA:0,UnityAssertEqualIntArray
FNDA:0,UnityFloatsWithin
FNDA:0,UnityAssertWithinFloatArray
FNDA:0,UnityAssertFloatsWithin
FNDA:0,UnityAssertFloatsNotWithin
FNDA:0,UnityAssertGreaterOrLessFloat
FNDA:0,UnityAssertFloatSpecial
FNDA:0,UnityAssertNumbersWithin
FNDA:0,UnityAssertNumbersArrayWithin
FNDA:0,UnityAssertEqualString
FNDA:0,UnityAssertEqualStringLen
FNDA:0,UnityAssertEqualStringArray
FNDA:0,UnityAssertEqualMemory
FNDA:0,UnityNumToPtr
FNDA:0,UnityFloatToPtr
FNDA:0,UnityFail
FNDA:0,UnityIgnore
FNDA:0,UnityMessage
FNDA:21,UnityDefaultTestRun
FNDA:0,UnitySetTestFile
FNDA:3,UnityBegin
FNDA:3,UnityEnd
FNF:41
FNH:10
DA:77,1082
DA:80,1082
DA:82,1082
DA:85,0
DA:87,0
DA:88,0
DA:91,0
DA:93,0
DA:94,0
DA:99,0
DA:100,0
DA:101,0
DA:103,1082
DA:127,78
DA:129,78
DA:131,78
DA:133,1238
DA:143,1082
DA:144,1082
DA:147,78
DA:149,0
DA:151,0
DA:153,0
DA:155,0
DA:158,0
DA:160,0
DA:163,0
DA:165,0
DA:166,0
DA:169,0
DA:171,0
DA:172,0
DA:177,0
DA:178,0
DA:179,0
DA:181,0
DA:184,0
DA:187,0
DA:189,0
DA:191,0
DA:194,0
DA:195,0
DA:197,0
DA:200,0
DA:202,0
DA:203,0
DA:206,0
DA:208,0
DA:209,0
DA:214,0
DA:215,0
DA:216,0
DA:218,0
DA:222,0
DA:225,0
DA:227,0
DA:231,0
DA:232,0
DA:233,0
DA:235,0
DA:238,30
DA:240,30
DA:242,30
DA:245,0
DA:246,0
DA:248,30
DA:249,30
DA:253,30
DA:255,30
DA:258,100
DA:260,40
DA:266,70
DA:267,70
DA:268,70
DA:269,30
DA:272,0
DA:275,0
DA:277,0
DA:279,0
DA:282,0
DA:284,0
DA:285,0
DA:286,0
DA:288,0
DA:292,0
DA:295,0
DA:298,0
DA:300,0
DA:303,0
DA:305,0
DA:307,0
DA:309,0
DA:313,0
DA:318,0
DA:320,0
DA:322,0
DA:333,0
DA:345,0
DA:348,0
DA:350,0
DA:351,0
DA:355,0
DA:357,0
DA:359,0
DA:361,0
DA:363,0
DA:365,0
DA:369,0
DA:371,0
DA:374,0
DA:383,0
DA:385,0
DA:387,0
DA:388,0
DA:390,0
DA:392,0
DA:394,0
DA:396,0
DA:397,0
DA:399,0
DA:408,0
DA:409,0
DA:410,0
DA:412,0
DA:414,0
DA:418,0
DA:422,0
DA:423,0
DA:426,0
DA:428,0
DA:430,0
DA:431,0
DA:435,0
DA:436,0
DA:439,0
DA:441,0
DA:442,0
DA:446,0
DA:447,0
DA:449,0
DA:450,0
DA:454,0
DA:456,0
DA:458,0
DA:460,0
DA:464,0
DA:466,0
DA:468,0
DA:470,0
DA:471,0
DA:475,0
DA:478,0
DA:479,0
DA:481,0
DA:482,0
DA:484,0
DA:486,0
DA:490,0
DA:494,21
DA:525,21
DA:526,21
DA:527,21
DA:528,21
DA:529,21
DA:530,21
DA:534,21
DA:537,0
DA:539,0
DA:540,0
DA:541,0
DA:542,0
DA:545,21
DA:547,21
DA:549,0
DA:551,21
DA:553,21
DA:554,21
DA:558,0
DA:561,21
DA:562,21
DA:564,21
DA:566,21
DA:569,0
DA:576,0
DA:578,0
DA:579,0
DA:580,0
DA:581,0
DA:583,0
DA:584,0
DA:588,0
DA:590,0
DA:591,0
DA:593,0
DA:596,0
DA:598,0
DA:599,0
DA:601,0
DA:602,0
DA:603,0
DA:607,0
DA:609,0
DA:610,0
DA:612,0
DA:613,0
DA:614,0
DA:618,0
DA:620,0
DA:623,0
DA:627,0
DA:628,0
DA:630,0
DA:631,0
DA:632,0
DA:636,0
DA:638,0
DA:639,0
DA:641,0
DA:642,0
DA:643,0
DA:647,0
DA:649,0
DA:656,0
DA:662,0
DA:665,0
DA:667,0
DA:668,0
DA:669,0
DA:670,0
DA:674,0
DA:676,0
DA:677,0
DA:678,0
DA:679,0
DA:682,0
DA:690,0
DA:696,0
DA:698,0
DA:700,0
DA:701,0
DA:702,0
DA:703,0
DA:704,0
DA:705,0
DA:706,0
DA:708,0
DA:711,142
DA:717,142
DA:719,142
DA:721,0
DA:722,0
DA:723,0
DA:724,0
DA:725,0
DA:726,0
DA:727,0
DA:729,142
DA:732,0
DA:739,0
DA:740,0
DA:742,0
DA:743,0
DA:745,0
DA:747,0
DA:748,0
DA:752,0
DA:753,0
DA:756,0
DA:758,0
DA:759,0
DA:760,0
DA:761,0
DA:762,0
DA:763,0
DA:764,0
DA:765,0
DA:766,0
DA:767,0
DA:780,0
DA:788,0
DA:789,0
DA:790,0
DA:792,0
DA:794,0
DA:799,0
DA:803,0
DA:805,0
DA:808,0
DA:810,0
DA:813,0
DA:818,0
DA:820,0
DA:821,0
DA:822,0
DA:823,0
DA:825,0
DA:826,0
DA:828,0
DA:829,0
DA:831,0
DA:832,0
DA:833,0
DA:834,0
DA:836,0
DA:837,0
DA:839,0
DA:840,0
DA:843,0
DA:844,0
DA:845,0
DA:846,0
DA:847,0
DA:850,0
DA:852,0
DA:853,0
DA:855,0
DA:857,0
DA:858,0
DA:861,0
DA:862,0
DA:863,0
DA:866,0
DA:868,0
DA:870,0
DA:871,0
DA:872,0
DA:873,0
DA:875,0
DA:876,0
DA:877,0
DA:878,0
DA:879,0
DA:880,0
DA:881,0
DA:882,0
DA:883,0
DA:886,0
DA:888,0
DA:890,0
DA:925,0
DA:928,0
DA:932,0
DA:940,0
DA:941,0
DA:942,0
DA:943,0
DA:944,0
DA:946,0
DA:948,0
DA:953,0
DA:957,0
DA:959,0
DA:962,0
DA:965,0
DA:968,0
DA:970,0
DA:973,0
DA:975,0
DA:979,0
DA:981,0
DA:984,0
DA:986,0
DA:988,0
DA:991,0
DA:994,0
DA:996,0
DA:997,0
DA:998,0
DA:999,0
DA:1000,0
DA:1001,0
DA:1003,0
DA:1005,0
DA:1007,0
DA:1012,0
DA:1018,0
DA:1021,0
DA:1023,0
DA:1024,0
DA:1025,0
DA:1026,0
DA:1028,0
DA:1031,0
DA:1037,0
DA:1039,0
DA:1041,0
DA:1042,0
DA:1043,0
DA:1044,0
DA:1045,0
DA:1046,0
DA:1047,0
DA:1049,0
DA:1052,0
DA:1060,0
DA:1062,0
DA:1065,0
DA:1066,0
DA:1068,0
DA:1070,0
DA:1072,0
DA:1073,0
DA:1074,0
DA:1075,0
DA:1076,0
DA:1077,0
DA:1078,0
DA:1079,0
DA:1080,0
DA:1082,0
DA:1085,0
DA:1090,0
DA:1091,0
DA:1092,0
DA:1093,0
DA:1095,0
DA:1097,0
DA:1099,0
DA:1101,0
DA:1102,0
DA:1103,0
DA:1105,0
DA:1106,0
DA:1108,0
DA:1110,0
DA:1111,0
DA:1113,0
DA:1115,0
DA:1116,0
DA:1118,0
DA:1120,0
DA:1121,0
DA:1122,0
DA:1125,0
DA:1127,0
DA:1128,0
DA:1129,0
DA:1131,0
DA:1133,0
DA:1134,0
DA:1136,0
DA:1144,0
DA:1145,0
DA:1147,0
DA:1379,0
DA:1386,0
DA:1388,0
DA:1390,0
DA:1392,0
DA:1396,0
DA:1401,0
DA:1403,0
DA:1407,0
DA:1411,0
DA:1413,0
DA:1414,0
DA:1415,0
DA:1416,0
DA:1417,0
DA:1418,0
DA:1419,0
DA:1420,0
DA:1421,0
DA:1423,0
DA:1426,0
DA:1435,0
DA:1436,0
DA:1437,0
DA:1439,0
DA:1441,0
DA:1446,0
DA:1450,0
DA:1452,0
DA:1455,0
DA:1457,0
DA:1460,0
DA:1465,0
DA:1467,0
DA:1469,0
DA:1471,0
DA:1472,0
DA:1473,0
DA:1477,0
DA:1478,0
DA:1479,0
DA:1481,0
DA:1483,0
DA:1485,0
DA:1487,0
DA:1488,0
DA:1489,0
DA:1493,0
DA:1494,0
DA:1495,0
DA:1497,0
DA:1500,0
DA:1502,0
DA:1504,0
DA:1505,0
DA:1506,0
DA:1510,0
DA:1511,0
DA:1512,0
DA:1514,0
DA:1517,0
DA:1520,0
DA:1522,0
DA:1523,0
DA:1524,0
DA:1528,0
DA:1529,0
DA:1530,0
DA:1532,0
DA:1533,0
DA:1536,0
DA:1538,0
DA:1540,0
DA:1544,0
DA:1549,0
DA:1551,0
DA:1555,0
DA:1559,0
DA:1561,0
DA:1563,0
DA:1564,0
DA:1565,0
DA:1566,0
DA:1568,0
DA:1569,0
DA:1570,0
DA:1571,0
DA:1572,0
DA:1573,0
DA:1574,0
DA:1575,0
DA:1576,0
DA:1577,0
DA:1578,0
DA:1581,0
DA:1583,0
DA:1585,0
DA:1590,0
DA:1597,0
DA:1600,0
DA:1602,0
DA:1604,0
DA:1606,0
DA:1607,0
DA:1613,0
DA:1615,0
DA:1619,0
DA:1621,0
DA:1622,0
DA:1623,0
DA:1624,0
DA:1626,0
DA:1629,0
DA:1637,0
DA:1640,0
DA:1642,0
DA:1644,0
DA:1646,0
DA:1647,0
DA:1653,0
DA:1655,0
DA:1659,0
DA:1661,0
DA:1662,0
DA:1663,0
DA:1664,0
DA:1666,0
DA:1669,0
DA:1676,0
DA:1677,0
DA:1678,0
DA:1679,0
DA:1681,0
DA:1684,0
DA:1689,0
DA:1693,0
DA:1695,0
DA:1698,0
DA:1700,0
DA:1703,0
DA:1705,0
DA:1710,0
DA:1711,0
DA:1713,0
DA:1717,0
DA:1719,0
DA:1721,0
DA:1723,0
DA:1724,0
DA:1730,0
DA:1732,0
DA:1736,0
DA:1738,0
DA:1739,0
DA:1741,0
DA:1742,0
DA:1744,0
DA:1745,0
DA:1746,0
DA:1748,0
DA:1752,0
DA:1760,0
DA:1761,0
DA:1762,0
DA:1765,0
DA:1767,0
DA:1772,0
DA:1775,0
DA:1777,0
DA:1780,0
DA:1782,0
DA:1785,0
DA:1787,0
DA:1790,0
DA:1792,0
DA:1793,0
DA:1795,0
DA:1797,0
DA:1798,0
DA:1799,0
DA:1801,0
DA:1802,0
DA:1804,0
DA:1805,0
DA:1806,0
DA:1807,0
DA:1808,0
DA:1809,0
DA:1810,0
DA:1811,0
DA:1813,0
DA:1814,0
DA:1816,0
DA:1818,0
DA:1841,0
DA:1843,0
DA:1845,0
DA:1846,0
DA:1847,0
DA:1849,0
DA:1850,0
DA:1851,0
DA:1854,0
DA:1855,0
DA:1856,0
DA:1859,0
DA:1860,0
DA:1861,0
DA:1867,0
DA:1869,0
DA:1870,0
DA:2130,0
DA:2132,0
DA:2134,0
DA:2135,0
DA:2136,0
DA:2138,0
DA:2144,0
DA:2146,0
DA:2147,0
DA:2148,0
DA:2150,0
DA:2151,0
DA:2153,0
DA:2156,0
DA:2158,0
DA:2160,0
DA:2163,0
DA:2167,0
DA:2169,0
DA:2171,0
DA:2172,0
DA:2173,0
DA:2175,0
DA:2176,0
DA:2177,0
DA:2179,0
DA:2183,0
DA:2185,0
DA:2186,0
DA:2187,0
DA:2189,0
DA:2190,0
DA:2191,0
DA:2193,0
DA:2194,0
DA:2199,21
DA:2201,21
DA:2202,21
DA:2203,21
DA:2204,21
DA:2206,21
DA:2208,21
DA:2209,21
DA:2211,21
DA:2213,21
DA:2216,21
DA:2217,21
DA:2221,0
DA:2223,0
DA:2224,0
DA:2227,3
DA:2229,3
DA:2230,3
DA:2231,3
DA:2232,3
DA:2233,3
DA:2234,3
DA:2235,3
DA:2236,3
DA:2238,3
DA:2240,3
DA:2243,3
DA:2245,3
DA:2246,3
DA:2247,3
DA:2248,3
DA:2249,3
DA:2250,3
DA:2251,3
DA:2252,3
DA:2253,3
DA:2254,3
DA:2255,3
DA:2257,3
DA:2261,0
DA:2266,3
DA:2269,3
LF:732
LH:83
end_of_record
